<?xml version="1.0" encoding="UTF-8"?>
<pgeConfig>

	<!-- PGE commands -->
	<exe dir="[JobDir]" shell="/bin/bash">
		<cmd>cd [JobDir]</cmd>
		<cmd>ls -l  > listing.out</cmd>
	</exe>

	<customMetadata>
		<metadata key="ProductionDateTime" val="[DATE.UTC]" />
		<metadata key="JobDir"
			val="[PGE_ROOT]/test-workflow/jobs/[ProductionDateTime]" />
	</customMetadata>

	<!-- CAS Crawler directives -->
	<output>
	  <dir path="[JobDir]" createBeforeExe="false">
            <files regExp=".*\.out" 
                   metFileWriterClass="org.apache.oodt.cas.pge.writers.metlist.MetadataListPcsMetFileWriter" 
                   args="[OODT_HOME]/config/workflows/test-workflow/pge-configs/metout.xml" />
        </dir>
	</output>


</pgeConfig>
