<cas:workflow xmlns:cas="http://oodt.jpl.nasa.gov/1.0/cas" 
              name="Test Workflow" 
              id="urn:oodt:TestWorkflow">

  <tasks>
  	
    <task id="urn:oodt:TestWorkflowTask1" />
    
  </tasks>

</cas:workflow>
